#
# A fatal error has been detected by the Java Runtime Environment:
#
#  SIGSEGV (0xb) at pc=0x000000010238489c, pid=833, tid=16899
#
# JRE version: Java(TM) SE Runtime Environment (8.0_91-b14) (build 1.8.0_91-b14)
# Java VM: Java HotSpot(TM) 64-Bit Server VM (25.91-b14 mixed mode bsd-amd64 compressed oops)
# Problematic frame:
# V  [libjvm.dylib+0x38489c]
#
# Failed to write core dump. Core dumps have been disabled. To enable core dumping, try "ulimit -c unlimited" before starting Java again
#
# If you would like to submit a bug report, please visit:
#   http://bugreport.java.com/bugreport/crash.jsp
#

---------------  T H R E A D  ---------------

Current thread (0x00007fe1d2850800):  JavaThread "JDWP Transport Listener: dt_socket" daemon [_thread_in_vm, id=16899, stack(0x0000700000b3b000,0x0000700000c3b000)]

siginfo: si_signo: 11 (SIGSEGV), si_code: 1 (SEGV_MAPERR), si_addr: 0x00007fe22a20c040

Registers:
RAX=0x00007fe1d4700400, RBX=0x00000007c02245b0, RCX=0x0000000000000001, RDX=0x00007fe1d1d219c0
RSP=0x0000700000c3a970, RBP=0x0000700000c3a9f0, RSI=0x0000000000000000, RDI=0x00007fe1d1d1fc80
R8 =0x0000700000c3a8b8, R9 =0x0000700000c3a8b0, R10=0x00007fe1d1d772d0, R11=0x00007fe1d1f00000
R12=0x0000000000000012, R13=0x000000000b090a00, R14=0x0000000000000018, R15=0x00007fe1d1d87040
RIP=0x000000010238489c, EFLAGS=0x0000000000010202, ERR=0x0000000000000006
  TRAPNO=0x000000000000000e

Top of Stack: (sp=0x0000700000c3a970)
0x0000700000c3a970:   0000700000c3a980 0000000000000018
0x0000700000c3a980:   0000700000c3aa84 0000700000c3aa78
0x0000700000c3a990:   00007fe1d2850800 00007fe1d1d1f2f0
0x0000700000c3a9a0:   00007fe1d1d218d0 00007fe1d1d218e0
0x0000700000c3a9b0:   00007fe1d1d219b8 00000000000000d8
0x0000700000c3a9c0:   0000700000c3adb0 0000700000c3aa78
0x0000700000c3a9d0:   00007fe1d1c04450 00007fe1d2850800
0x0000700000c3a9e0:   0000700000c3aa84 00000007403f0200
0x0000700000c3a9f0:   0000700000c3aa60 0000000102359207
0x0000700000c3aa00:   00007fe1d2850800 00007fe1d2850800
0x0000700000c3aa10:   0000000000000000 0000700000000000
0x0000700000c3aa20:   0000000000000000 00007fe1d2850800
0x0000700000c3aa30:   00007fe1d2850800 0000000000000001
0x0000700000c3aa40:   00007fe1d1c6c248 00007fe1d44d9b30
0x0000700000c3aa50:   0000700000c3ab08 0000700000c3ac90
0x0000700000c3aa60:   0000700000c3aad0 000000010166d195
0x0000700000c3aa70:   0000700000c3aaa0 0000000000000000
0x0000700000c3aa80:   0000000000000032 0000700000c3ab08
0x0000700000c3aa90:   0000700000c3ab08 000000010169b598
0x0000700000c3aaa0:   0000700000c3aac0 0000700000c3ac90
0x0000700000c3aab0:   000000010168fe7a 00007fe1d44d9b30
0x0000700000c3aac0:   0000700000c3ab08 000000010169b598
0x0000700000c3aad0:   0000700000c3aae0 000000010166d2ec
0x0000700000c3aae0:   0000700000c3ad00 0000000101676898
0x0000700000c3aaf0:   00001e7c00000013 00000000000f0200
0x0000700000c3ab00:   00007fe1d467aa10 0000700000c3ab58
0x0000700000c3ab10:   00007fe10000012c 0000700000c3ab20
0x0000700000c3ab20:   00007fe100000000 0000700000c3ab58
0x0000700000c3ab30:   0000000000000000 0000000000000000
0x0000700000c3ab40:   00001e7c0000000f 0000000000000080
0x0000700000c3ab50:   0000700000c3ab58 0000000009000000
0x0000700000c3ab60:   0400000000000000 0000000001000000 

Instructions: (pc=0x000000010238489c)
0x000000010238487c:   45 31 e4 48 8b 83 80 01 00 00 48 8b 8b a0 01 00
0x000000010238488c:   00 4e 63 6c a1 04 4a 8b 7c e0 08 e8 8c ff f9 ff
0x000000010238489c:   4b 89 04 ef 49 ff c4 4d 39 e6 75 d7 48 8b 45 88
0x00000001023848ac:   48 8b 55 90 89 02 48 8b 4d 98 4c 89 39 31 db 48 

Register to memory mapping:

RAX=0x00007fe1d4700400 is an unknown value
RBX=0x00000007c02245b0 is pointing into metadata
RCX=0x0000000000000001 is an unknown value
RDX=0x00007fe1d1d219c0 is an unknown value
RSP=0x0000700000c3a970 is pointing into the stack for thread: 0x00007fe1d2850800
RBP=0x0000700000c3a9f0 is pointing into the stack for thread: 0x00007fe1d2850800
RSI=0x0000000000000000 is an unknown value
RDI=0x00007fe1d1d1fc80 is an unknown value
R8 =0x0000700000c3a8b8 is pointing into the stack for thread: 0x00007fe1d2850800
R9 =0x0000700000c3a8b0 is pointing into the stack for thread: 0x00007fe1d2850800
R10=0x00007fe1d1d772d0 is an unknown value
R11=0x00007fe1d1f00000 is an unknown value
R12=0x0000000000000012 is an unknown value
R13=0x000000000b090a00 is an unknown value
R14=0x0000000000000018 is an unknown value
R15=0x00007fe1d1d87040 is an unknown value


Stack: [0x0000700000b3b000,0x0000700000c3b000],  sp=0x0000700000c3a970,  free space=1022k
Native frames: (J=compiled Java code, j=interpreted, Vv=VM code, C=native code)
V  [libjvm.dylib+0x38489c]
V  [libjvm.dylib+0x359207]
C  [libjdwp.dylib+0x5195]  methods1+0xad
C  [libjdwp.dylib+0x52ec]  methodsWithGeneric+0xe
C  [libjdwp.dylib+0xe898]  debugLoop_run+0x1ce
C  [libjdwp.dylib+0x1f6ba]  attachThread+0x4d
V  [libjvm.dylib+0x39867c]
V  [libjvm.dylib+0x563d17]
V  [libjvm.dylib+0x565412]
V  [libjvm.dylib+0x484f82]
C  [libsystem_pthread.dylib+0x399d]  _pthread_body+0x83
C  [libsystem_pthread.dylib+0x391a]  _pthread_body+0x0
C  [libsystem_pthread.dylib+0x1351]  thread_start+0xd
C  0x0000000000000000


---------------  P R O C E S S  ---------------

Java Threads: ( => current thread )
  0x00007fe1d4b14800 JavaThread "DestroyJavaVM" [_thread_blocked, id=5891, stack(0x000070000011a000,0x000070000021a000)]
  0x00007fe1d29b6000 JavaThread "http-nio-8080-AsyncTimeout" daemon [_thread_blocked, id=31235, stack(0x000070000268c000,0x000070000278c000)]
  0x00007fe1d3e18800 JavaThread "http-nio-8080-Acceptor-0" daemon [_thread_in_native, id=30723, stack(0x0000700002589000,0x0000700002689000)]
  0x00007fe1d63dd000 JavaThread "http-nio-8080-ClientPoller-1" daemon [_thread_in_native, id=30211, stack(0x0000700002486000,0x0000700002586000)]
  0x00007fe1d3015000 JavaThread "http-nio-8080-ClientPoller-0" daemon [_thread_in_native, id=29699, stack(0x0000700002383000,0x0000700002483000)]
  0x00007fe1d5155000 JavaThread "http-nio-8080-exec-10" daemon [_thread_blocked, id=29187, stack(0x0000700002280000,0x0000700002380000)]
  0x00007fe1d6198800 JavaThread "http-nio-8080-exec-9" daemon [_thread_blocked, id=28675, stack(0x000070000217d000,0x000070000227d000)]
  0x00007fe1d608a000 JavaThread "http-nio-8080-exec-8" daemon [_thread_blocked, id=28163, stack(0x000070000207a000,0x000070000217a000)]
  0x00007fe1d273f000 JavaThread "http-nio-8080-exec-7" daemon [_thread_blocked, id=27651, stack(0x0000700001f77000,0x0000700002077000)]
  0x00007fe1d3e17800 JavaThread "http-nio-8080-exec-6" daemon [_thread_blocked, id=27139, stack(0x0000700001e74000,0x0000700001f74000)]
  0x00007fe1d7a64000 JavaThread "http-nio-8080-exec-5" daemon [_thread_blocked, id=26627, stack(0x0000700001d71000,0x0000700001e71000)]
  0x00007fe1d7a63000 JavaThread "http-nio-8080-exec-4" daemon [_thread_blocked, id=26115, stack(0x0000700001c6e000,0x0000700001d6e000)]
  0x00007fe1d4ac0800 JavaThread "http-nio-8080-exec-3" daemon [_thread_blocked, id=25603, stack(0x0000700001b6b000,0x0000700001c6b000)]
  0x00007fe1d4abf800 JavaThread "http-nio-8080-exec-2" daemon [_thread_blocked, id=25091, stack(0x0000700001a68000,0x0000700001b68000)]
  0x00007fe1d3913000 JavaThread "http-nio-8080-exec-1" daemon [_thread_blocked, id=24579, stack(0x0000700001965000,0x0000700001a65000)]
  0x00007fe1d6195000 JavaThread "NioBlockingSelector.BlockPoller-1" daemon [_thread_in_native, id=24067, stack(0x0000700001862000,0x0000700001962000)]
  0x00007fe1d716f000 JavaThread "Abandoned connection cleanup thread" daemon [_thread_blocked, id=23555, stack(0x000070000175f000,0x000070000185f000)]
  0x00007fe1d701f800 JavaThread "Tomcat JDBC Pool Cleaner[414493378:1557055762013]" daemon [_thread_blocked, id=23043, stack(0x000070000165c000,0x000070000175c000)]
  0x00007fe1d7893000 JavaThread "container-0" [_thread_blocked, id=22535, stack(0x0000700001559000,0x0000700001659000)]
  0x00007fe1d6061000 JavaThread "ContainerBackgroundProcessor[StandardEngine[Tomcat]]" daemon [_thread_blocked, id=22279, stack(0x0000700001456000,0x0000700001556000)]
  0x00007fe1d2026800 JavaThread "Service Thread" daemon [_thread_blocked, id=19971, stack(0x000070000114d000,0x000070000124d000)]
  0x00007fe1d285b000 JavaThread "C1 CompilerThread2" daemon [_thread_blocked, id=19459, stack(0x000070000104a000,0x000070000114a000)]
  0x00007fe1d2852000 JavaThread "C2 CompilerThread1" daemon [_thread_blocked, id=18947, stack(0x0000700000f47000,0x0000700001047000)]
  0x00007fe1d3810800 JavaThread "C2 CompilerThread0" daemon [_thread_blocked, id=18435, stack(0x0000700000e44000,0x0000700000f44000)]
  0x00007fe1d301d800 JavaThread "JDWP Command Reader" daemon [_thread_in_native, id=17923, stack(0x0000700000d41000,0x0000700000e41000)]
  0x00007fe1d203d000 JavaThread "JDWP Event Helper Thread" daemon [_thread_blocked, id=17411, stack(0x0000700000c3e000,0x0000700000d3e000)]
=>0x00007fe1d2850800 JavaThread "JDWP Transport Listener: dt_socket" daemon [_thread_in_vm, id=16899, stack(0x0000700000b3b000,0x0000700000c3b000)]
  0x00007fe1d284f800 JavaThread "Signal Dispatcher" daemon [_thread_blocked, id=12815, stack(0x0000700000a38000,0x0000700000b38000)]
  0x00007fe1d3013800 JavaThread "Finalizer" daemon [_thread_blocked, id=12291, stack(0x000070000082f000,0x000070000092f000)]
  0x00007fe1d3013000 JavaThread "Reference Handler" daemon [_thread_blocked, id=11779, stack(0x000070000072c000,0x000070000082c000)]

Other Threads:
  0x00007fe1d300e800 VMThread [stack: 0x0000700000629000,0x0000700000729000] [id=11267]
  0x00007fe1d3014800 WatcherThread [stack: 0x0000700001250000,0x0000700001350000] [id=20483]

VM state:not at safepoint (normal execution)

VM Mutex/Monitor currently owned by a thread: None

Heap:
 PSYoungGen      total 192000K, used 167172K [0x0000000795580000, 0x00000007a6980000, 0x00000007c0000000)
  eden space 178176K, 86% used [0x0000000795580000,0x000000079eb48a90,0x00000007a0380000)
  from space 13824K, 99% used [0x00000007a0380000,0x00000007a10f8800,0x00000007a1100000)
  to   space 16896K, 0% used [0x00000007a5900000,0x00000007a5900000,0x00000007a6980000)
 ParOldGen       total 77824K, used 25834K [0x0000000740000000, 0x0000000744c00000, 0x0000000795580000)
  object space 77824K, 33% used [0x0000000740000000,0x000000074193a838,0x0000000744c00000)
 Metaspace       used 50407K, capacity 50972K, committed 51328K, reserved 1093632K
  class space    used 6374K, capacity 6499K, committed 6528K, reserved 1048576K

Card table byte_map: [0x0000000112354000,0x0000000112755000] byte_map_base: 0x000000010e954000

Marking Bits: (ParMarkBitMap*) 0x00000001028e6eb0
 Begin Bits: [0x0000000112a00000, 0x0000000114a00000)
 End Bits:   [0x0000000114a00000, 0x0000000116a00000)

Polling page: 0x0000000101667000

CodeCache: size=245760Kb used=16043Kb max_used=17279Kb free=229716Kb
 bounds [0x0000000102f94000, 0x00000001040d4000, 0x0000000111f94000]
 total_blobs=5120 nmethods=4607 adapters=433
 compilation: enabled

Compilation events (10 events):
Event: 897.335 Thread 0x00007fe1d285b000 5471       3       java.net.URLStreamHandler::parseURL (1158 bytes)
Event: 897.451 Thread 0x00007fe1d285b000 nmethod 5471 0x0000000103e29f10 code [0x0000000103e2aac0, 0x0000000103e349d8]
Event: 935.289 Thread 0x00007fe1d2852000 5472   !   4       sun.nio.ch.SelectorImpl::processDeregisterQueue (101 bytes)
Event: 935.456 Thread 0x00007fe1d2852000 nmethod 5472 0x000000010326ab50 code [0x000000010326ad20, 0x000000010326b4e8]
Event: 971.261 Thread 0x00007fe1d285b000 5473       1       org.apache.catalina.core.ContainerBase::getBackgroundProcessorDelay (5 bytes)
Event: 971.268 Thread 0x00007fe1d285b000 nmethod 5473 0x0000000103cb97d0 code [0x0000000103cb9920, 0x0000000103cb9a30]
Event: 1121.322 Thread 0x00007fe1d285b000 5474       3       org.apache.catalina.valves.ValveBase::backgroundProcess (1 bytes)
Event: 1121.337 Thread 0x00007fe1d285b000 nmethod 5474 0x000000010384a6d0 code [0x000000010384a820, 0x000000010384a970]
Event: 1123.846 Thread 0x00007fe1d3810800 5475  s    4       org.apache.tomcat.util.collections.SynchronizedQueue::poll (61 bytes)
Event: 1123.864 Thread 0x00007fe1d3810800 nmethod 5475 0x000000010323d9d0 code [0x000000010323db20, 0x000000010323de98]

GC Heap History (10 events):
Event: 9.205 GC heap before
{Heap before GC invocations=9 (full 1):
 PSYoungGen      total 74240K, used 66048K [0x0000000795580000, 0x000000079e680000, 0x00000007c0000000)
  eden space 66048K, 100% used [0x0000000795580000,0x0000000799600000,0x0000000799600000)
  from space 8192K, 0% used [0x0000000799600000,0x0000000799600000,0x0000000799e00000)
  to   space 8192K, 0% used [0x000000079de80000,0x000000079de80000,0x000000079e680000)
 ParOldGen       total 47616K, used 6952K [0x0000000740000000, 0x0000000742e80000, 0x0000000795580000)
  object space 47616K, 14% used [0x0000000740000000,0x00000007406ca330,0x0000000742e80000)
 Metaspace       used 23436K, capacity 23810K, committed 24064K, reserved 1071104K
  class space    used 2870K, capacity 2968K, committed 3072K, reserved 1048576K
Event: 9.216 GC heap after
Heap after GC invocations=9 (full 1):
 PSYoungGen      total 125952K, used 4136K [0x0000000795580000, 0x000000079e300000, 0x00000007c0000000)
  eden space 121344K, 0% used [0x0000000795580000,0x0000000795580000,0x000000079cc00000)
  from space 4608K, 89% used [0x000000079de80000,0x000000079e28a0a0,0x000000079e300000)
  to   space 8192K, 0% used [0x000000079d300000,0x000000079d300000,0x000000079db00000)
 ParOldGen       total 47616K, used 6960K [0x0000000740000000, 0x0000000742e80000, 0x0000000795580000)
  object space 47616K, 14% used [0x0000000740000000,0x00000007406cc330,0x0000000742e80000)
 Metaspace       used 23436K, capacity 23810K, committed 24064K, reserved 1071104K
  class space    used 2870K, capacity 2968K, committed 3072K, reserved 1048576K
}
Event: 11.210 GC heap before
{Heap before GC invocations=10 (full 1):
 PSYoungGen      total 125952K, used 125480K [0x0000000795580000, 0x000000079e300000, 0x00000007c0000000)
  eden space 121344K, 100% used [0x0000000795580000,0x000000079cc00000,0x000000079cc00000)
  from space 4608K, 89% used [0x000000079de80000,0x000000079e28a0a0,0x000000079e300000)
  to   space 8192K, 0% used [0x000000079d300000,0x000000079d300000,0x000000079db00000)
 ParOldGen       total 47616K, used 6960K [0x0000000740000000, 0x0000000742e80000, 0x0000000795580000)
  object space 47616K, 14% used [0x0000000740000000,0x00000007406cc330,0x0000000742e80000)
 Metaspace       used 28594K, capacity 28896K, committed 29312K, reserved 1075200K
  class space    used 3516K, capacity 3613K, committed 3712K, reserved 1048576K
Event: 11.242 GC heap after
Heap after GC invocations=10 (full 1):
 PSYoungGen      total 136704K, used 8166K [0x0000000795580000, 0x00000007a1b80000, 0x00000007c0000000)
  eden space 128512K, 0% used [0x0000000795580000,0x0000000795580000,0x000000079d300000)
  from space 8192K, 99% used [0x000000079d300000,0x000000079daf9a70,0x000000079db00000)
  to   space 10752K, 0% used [0x00000007a1100000,0x00000007a1100000,0x00000007a1b80000)
 ParOldGen       total 47616K, used 11546K [0x0000000740000000, 0x0000000742e80000, 0x0000000795580000)
  object space 47616K, 24% used [0x0000000740000000,0x0000000740b46bf0,0x0000000742e80000)
 Metaspace       used 28594K, capacity 28896K, committed 29312K, reserved 1075200K
  class space    used 3516K, capacity 3613K, committed 3712K, reserved 1048576K
}
Event: 13.213 GC heap before
{Heap before GC invocations=11 (full 1):
 PSYoungGen      total 136704K, used 107630K [0x0000000795580000, 0x00000007a1b80000, 0x00000007c0000000)
  eden space 128512K, 77% used [0x0000000795580000,0x000000079b6a1fb0,0x000000079d300000)
  from space 8192K, 99% used [0x000000079d300000,0x000000079daf9a70,0x000000079db00000)
  to   space 10752K, 0% used [0x00000007a1100000,0x00000007a1100000,0x00000007a1b80000)
 ParOldGen       total 47616K, used 11546K [0x0000000740000000, 0x0000000742e80000, 0x0000000795580000)
  object space 47616K, 24% used [0x0000000740000000,0x0000000740b46bf0,0x0000000742e80000)
 Metaspace       used 34922K, capacity 35280K, committed 35456K, reserved 1081344K
  class space    used 4355K, capacity 4453K, committed 4480K, reserved 1048576K
Event: 13.248 GC heap after
Heap after GC invocations=11 (full 1):
 PSYoungGen      total 188928K, used 10741K [0x0000000795580000, 0x00000007a2a80000, 0x00000007c0000000)
  eden space 178176K, 0% used [0x0000000795580000,0x0000000795580000,0x00000007a0380000)
  from space 10752K, 99% used [0x00000007a1100000,0x00000007a1b7d430,0x00000007a1b80000)
  to   space 13824K, 0% used [0x00000007a0380000,0x00000007a0380000,0x00000007a1100000)
 ParOldGen       total 47616K, used 16453K [0x0000000740000000, 0x0000000742e80000, 0x0000000795580000)
  object space 47616K, 34% used [0x0000000740000000,0x0000000741011518,0x0000000742e80000)
 Metaspace       used 34922K, capacity 35280K, committed 35456K, reserved 1081344K
  class space    used 4355K, capacity 4453K, committed 4480K, reserved 1048576K
}
Event: 13.248 GC heap before
{Heap before GC invocations=12 (full 2):
 PSYoungGen      total 188928K, used 10741K [0x0000000795580000, 0x00000007a2a80000, 0x00000007c0000000)
  eden space 178176K, 0% used [0x0000000795580000,0x0000000795580000,0x00000007a0380000)
  from space 10752K, 99% used [0x00000007a1100000,0x00000007a1b7d430,0x00000007a1b80000)
  to   space 13824K, 0% used [0x00000007a0380000,0x00000007a0380000,0x00000007a1100000)
 ParOldGen       total 47616K, used 16453K [0x0000000740000000, 0x0000000742e80000, 0x0000000795580000)
  object space 47616K, 34% used [0x0000000740000000,0x0000000741011518,0x0000000742e80000)
 Metaspace       used 34922K, capacity 35280K, committed 35456K, reserved 1081344K
  class space    used 4355K, capacity 4453K, committed 4480K, reserved 1048576K
Event: 13.337 GC heap after
Heap after GC invocations=12 (full 2):
 PSYoungGen      total 188928K, used 0K [0x0000000795580000, 0x00000007a2a80000, 0x00000007c0000000)
  eden space 178176K, 0% used [0x0000000795580000,0x0000000795580000,0x00000007a0380000)
  from space 10752K, 0% used [0x00000007a1100000,0x00000007a1100000,0x00000007a1b80000)
  to   space 13824K, 0% used [0x00000007a0380000,0x00000007a0380000,0x00000007a1100000)
 ParOldGen       total 77824K, used 23096K [0x0000000740000000, 0x0000000744c00000, 0x0000000795580000)
  object space 77824K, 29% used [0x0000000740000000,0x000000074168e0e0,0x0000000744c00000)
 Metaspace       used 34922K, capacity 35280K, committed 35456K, reserved 1081344K
  class space    used 4355K, capacity 4453K, committed 4480K, reserved 1048576K
}
Event: 16.925 GC heap before
{Heap before GC invocations=13 (full 2):
 PSYoungGen      total 188928K, used 178176K [0x0000000795580000, 0x00000007a2a80000, 0x00000007c0000000)
  eden space 178176K, 100% used [0x0000000795580000,0x00000007a0380000,0x00000007a0380000)
  from space 10752K, 0% used [0x00000007a1100000,0x00000007a1100000,0x00000007a1b80000)
  to   space 13824K, 0% used [0x00000007a0380000,0x00000007a0380000,0x00000007a1100000)
 ParOldGen       total 77824K, used 23096K [0x0000000740000000, 0x0000000744c00000, 0x0000000795580000)
  object space 77824K, 29% used [0x0000000740000000,0x000000074168e0e0,0x0000000744c00000)
 Metaspace       used 45997K, capacity 46500K, committed 46976K, reserved 1089536K
  class space    used 5810K, capacity 5923K, committed 6016K, reserved 1048576K
Event: 16.961 GC heap after
Heap after GC invocations=13 (full 2):
 PSYoungGen      total 192000K, used 13794K [0x0000000795580000, 0x00000007a6980000, 0x00000007c0000000)
  eden space 178176K, 0% used [0x0000000795580000,0x0000000795580000,0x00000007a0380000)
  from space 13824K, 99% used [0x00000007a0380000,0x00000007a10f8800,0x00000007a1100000)
  to   space 16896K, 0% used [0x00000007a5900000,0x00000007a5900000,0x00000007a6980000)
 ParOldGen       total 77824K, used 25834K [0x0000000740000000, 0x0000000744c00000, 0x0000000795580000)
  object space 77824K, 33% used [0x0000000740000000,0x000000074193a838,0x0000000744c00000)
 Metaspace       used 45997K, capacity 46500K, committed 46976K, reserved 1089536K
  class space    used 5810K, capacity 5923K, committed 6016K, reserved 1048576K
}

Deoptimization events (10 events):
Event: 427.261 Thread 0x00007fe1d3913000 Uncommon trap: reason=bimorphic action=maybe_recompile pc=0x0000000103d53ae8 method=java.nio.charset.CharsetDecoder.flush(Ljava/nio/CharBuffer;)Ljava/nio/charset/CoderResult; @ 10
Event: 427.301 Thread 0x00007fe1d3913000 Uncommon trap: reason=class_check action=maybe_recompile pc=0x0000000103d405d8 method=sun.nio.cs.ThreadLocalCoders$1.hasName(Ljava/lang/Object;Ljava/lang/Object;)Z @ 23
Event: 427.301 Thread 0x00007fe1d3913000 Uncommon trap: reason=speculate_class_check action=maybe_recompile pc=0x0000000103d56c44 method=java.nio.charset.CharsetDecoder.reset()Ljava/nio/charset/CharsetDecoder; @ 1
Event: 427.301 Thread 0x00007fe1d3913000 Uncommon trap: reason=bimorphic action=maybe_recompile pc=0x0000000103d53ae8 method=java.nio.charset.CharsetDecoder.flush(Ljava/nio/CharBuffer;)Ljava/nio/charset/CoderResult; @ 10
Event: 427.370 Thread 0x00007fe1d3913000 Uncommon trap: reason=null_check action=make_not_entrant pc=0x0000000104075df4 method=org.springframework.core.annotation.AnnotatedElementUtils.searchWithFindSemantics(Ljava/lang/reflect/AnnotatedElement;Ljava/lang/Class;Ljava/lang/String;Ljava/lang/Class
Event: 427.685 Thread 0x00007fe1d3913000 Uncommon trap: reason=class_check action=maybe_recompile pc=0x0000000103d40610 method=sun.nio.cs.ThreadLocalCoders$1.hasName(Ljava/lang/Object;Ljava/lang/Object;)Z @ 30
Event: 427.925 Thread 0x00007fe1d3913000 Uncommon trap: reason=class_check action=maybe_recompile pc=0x0000000103d4057c method=sun.nio.cs.ThreadLocalCoders$2.hasName(Ljava/lang/Object;Ljava/lang/Object;)Z @ 23
Event: 427.925 Thread 0x00007fe1d3913000 Uncommon trap: reason=class_check action=maybe_recompile pc=0x0000000103d4057c method=sun.nio.cs.ThreadLocalCoders$2.hasName(Ljava/lang/Object;Ljava/lang/Object;)Z @ 23
Event: 427.925 Thread 0x00007fe1d3913000 Uncommon trap: reason=class_check action=maybe_recompile pc=0x0000000103d4057c method=sun.nio.cs.ThreadLocalCoders$2.hasName(Ljava/lang/Object;Ljava/lang/Object;)Z @ 23
Event: 427.925 Thread 0x00007fe1d3913000 Uncommon trap: reason=class_check action=maybe_recompile pc=0x0000000103d4057c method=sun.nio.cs.ThreadLocalCoders$2.hasName(Ljava/lang/Object;Ljava/lang/Object;)Z @ 23

Internal exceptions (10 events):
Event: 427.161 Thread 0x00007fe1d3913000 Exception <a 'java/lang/ClassNotFoundException': org/springframework/web/servlet/theme/FixedThemeResolverCustomizer> (0x000000079d7a3fb8) thrown at [/Users/java_re/workspace/8-2-build-macosx-x86_64/jdk8u91/6644/hotspot/src/share/vm/classfile/systemDiction
Event: 427.163 Thread 0x00007fe1d3913000 Exception <a 'java/lang/ClassNotFoundException': org/springframework/web/servlet/ThemeResolverCustomizer> (0x000000079d7c0f88) thrown at [/Users/java_re/workspace/8-2-build-macosx-x86_64/jdk8u91/6644/hotspot/src/share/vm/classfile/systemDictionary.cpp, li
Event: 427.187 Thread 0x00007fe1d3913000 Exception <a 'java/lang/ClassNotFoundException': java/lang/ObjectCustomizer> (0x000000079d7efca0) thrown at [/Users/java_re/workspace/8-2-build-macosx-x86_64/jdk8u91/6644/hotspot/src/share/vm/classfile/systemDictionary.cpp, line 210]
Event: 427.190 Thread 0x00007fe1d3913000 Exception <a 'java/lang/ClassNotFoundException': org/springframework/web/servlet/view/DefaultRequestToViewNameTranslatorCustomizer> (0x000000079d814740) thrown at [/Users/java_re/workspace/8-2-build-macosx-x86_64/jdk8u91/6644/hotspot/src/share/vm/classfil
Event: 427.191 Thread 0x00007fe1d3913000 Exception <a 'java/lang/ClassNotFoundException': org/springframework/web/servlet/RequestToViewNameTranslatorCustomizer> (0x000000079d843f30) thrown at [/Users/java_re/workspace/8-2-build-macosx-x86_64/jdk8u91/6644/hotspot/src/share/vm/classfile/systemDict
Event: 427.203 Thread 0x00007fe1d3913000 Exception <a 'java/lang/ClassNotFoundException': java/lang/ObjectCustomizer> (0x000000079d88a468) thrown at [/Users/java_re/workspace/8-2-build-macosx-x86_64/jdk8u91/6644/hotspot/src/share/vm/classfile/systemDictionary.cpp, line 210]
Event: 427.205 Thread 0x00007fe1d3913000 Exception <a 'java/lang/ClassNotFoundException': org/springframework/web/servlet/support/AbstractFlashMapManagerCustomizer> (0x000000079d8aca58) thrown at [/Users/java_re/workspace/8-2-build-macosx-x86_64/jdk8u91/6644/hotspot/src/share/vm/classfile/system
Event: 427.221 Thread 0x00007fe1d3913000 Exception <a 'java/lang/ClassNotFoundException': org/springframework/web/servlet/support/SessionFlashMapManagerCustomizer> (0x000000079d8d2f00) thrown at [/Users/java_re/workspace/8-2-build-macosx-x86_64/jdk8u91/6644/hotspot/src/share/vm/classfile/systemD
Event: 427.223 Thread 0x00007fe1d3913000 Exception <a 'java/lang/ClassNotFoundException': org/springframework/web/servlet/FlashMapManagerCustomizer> (0x000000079d8efeb8) thrown at [/Users/java_re/workspace/8-2-build-macosx-x86_64/jdk8u91/6644/hotspot/src/share/vm/classfile/systemDictionary.cpp, 
Event: 427.369 Thread 0x00007fe1d3913000 Implicit null exception at 0x0000000104061b7d to 0x0000000104075db1

Events (10 events):
Event: 821.314 Thread 0x00007fe1d285b000 flushing nmethod 0x0000000103e2da10
Event: 821.331 Thread 0x00007fe1d285b000 flushing nmethod 0x0000000103e69150
Event: 821.342 Thread 0x00007fe1d285b000 flushing nmethod 0x0000000103eaa5d0
Event: 821.351 Thread 0x00007fe1d285b000 flushing nmethod 0x0000000103ec60d0
Event: 821.364 Thread 0x00007fe1d285b000 flushing nmethod 0x0000000103f0d390
Event: 821.365 Thread 0x00007fe1d285b000 flushing nmethod 0x0000000103f18f90
Event: 821.377 Thread 0x00007fe1d285b000 flushing nmethod 0x0000000103f1c2d0
Event: 821.379 Thread 0x00007fe1d285b000 flushing nmethod 0x0000000103f30cd0
Event: 1193.591 Executing VM operation: RedefineClasses
Event: 1195.126 Executing VM operation: RedefineClasses done


Dynamic libraries:
0x0000000006e1c000 	/System/Library/Frameworks/Cocoa.framework/Versions/A/Cocoa
0x0000000006e1c000 	/System/Library/Frameworks/Security.framework/Versions/A/Security
0x0000000006e1c000 	/System/Library/Frameworks/ApplicationServices.framework/Versions/A/ApplicationServices
0x0000000006e1c000 	/usr/lib/libz.1.dylib
0x0000000006e1c000 	/usr/lib/libSystem.B.dylib
0x0000000006e1c000 	/usr/lib/libobjc.A.dylib
0x0000000006e1c000 	/System/Library/Frameworks/CoreFoundation.framework/Versions/A/CoreFoundation
0x0000000006e1c000 	/System/Library/Frameworks/Foundation.framework/Versions/C/Foundation
0x0000000006e1c000 	/System/Library/Frameworks/AppKit.framework/Versions/C/AppKit
0x0000000006e1c000 	/System/Library/Frameworks/CoreData.framework/Versions/A/CoreData
0x0000000006e1c000 	/System/Library/PrivateFrameworks/RemoteViewServices.framework/Versions/A/RemoteViewServices
0x0000000006e1c000 	/System/Library/PrivateFrameworks/UIFoundation.framework/Versions/A/UIFoundation
0x0000000006e1c000 	/usr/lib/libScreenReader.dylib
0x0000000006e1c000 	/System/Library/Frameworks/Accelerate.framework/Versions/A/Accelerate
0x0000000006e1c000 	/System/Library/Frameworks/IOSurface.framework/Versions/A/IOSurface
0x0000000006e1c000 	/System/Library/Frameworks/AudioToolbox.framework/Versions/A/AudioToolbox
0x0000000006e1c000 	/System/Library/Frameworks/AudioUnit.framework/Versions/A/AudioUnit
0x0000000006e1c000 	/System/Library/PrivateFrameworks/DataDetectorsCore.framework/Versions/A/DataDetectorsCore
0x0000000006e1c000 	/System/Library/PrivateFrameworks/DesktopServicesPriv.framework/Versions/A/DesktopServicesPriv
0x0000000006e1c000 	/System/Library/Frameworks/Carbon.framework/Versions/A/Frameworks/HIToolbox.framework/Versions/A/HIToolbox
0x0000000006e1c000 	/System/Library/Frameworks/QuartzCore.framework/Versions/A/QuartzCore
0x0000000006e1c000 	/System/Library/Frameworks/Carbon.framework/Versions/A/Frameworks/SpeechRecognition.framework/Versions/A/SpeechRecognition
0x0000000006e1c000 	/usr/lib/libauto.dylib
0x0000000006e1c000 	/usr/lib/libicucore.A.dylib
0x0000000006e1c000 	/usr/lib/libxml2.2.dylib
0x0000000006e1c000 	/System/Library/PrivateFrameworks/CoreUI.framework/Versions/A/CoreUI
0x0000000006e1c000 	/System/Library/Frameworks/CoreAudio.framework/Versions/A/CoreAudio
0x0000000006e1c000 	/System/Library/Frameworks/DiskArbitration.framework/Versions/A/DiskArbitration
0x0000000006e1c000 	/usr/lib/liblangid.dylib
0x0000000006e1c000 	/System/Library/PrivateFrameworks/MultitouchSupport.framework/Versions/A/MultitouchSupport
0x0000000006e1c000 	/System/Library/Frameworks/IOKit.framework/Versions/A/IOKit
0x0000000006e1c000 	/usr/lib/libDiagnosticMessagesClient.dylib
0x0000000006e1c000 	/System/Library/Frameworks/CoreServices.framework/Versions/A/CoreServices
0x0000000006e1c000 	/System/Library/PrivateFrameworks/PerformanceAnalysis.framework/Versions/A/PerformanceAnalysis
0x0000000006e1c000 	/System/Library/PrivateFrameworks/GenerationalStorage.framework/Versions/A/GenerationalStorage
0x0000000006e1c000 	/System/Library/Frameworks/OpenGL.framework/Versions/A/OpenGL
0x0000000006e1c000 	/System/Library/PrivateFrameworks/Sharing.framework/Versions/A/Sharing
0x0000000006e1c000 	/System/Library/Frameworks/CoreGraphics.framework/Versions/A/CoreGraphics
0x0000000006e1c000 	/System/Library/Frameworks/CoreImage.framework/Versions/A/CoreImage
0x0000000006e1c000 	/System/Library/Frameworks/CoreText.framework/Versions/A/CoreText
0x0000000006e1c000 	/System/Library/Frameworks/ImageIO.framework/Versions/A/ImageIO
0x0000000006e1c000 	/System/Library/PrivateFrameworks/Backup.framework/Versions/A/Backup
0x0000000006e1c000 	/usr/lib/libextension.dylib
0x0000000006e1c000 	/usr/lib/libarchive.2.dylib
0x0000000006e1c000 	/System/Library/Frameworks/CFNetwork.framework/Versions/A/CFNetwork
0x0000000006e1c000 	/System/Library/Frameworks/SystemConfiguration.framework/Versions/A/SystemConfiguration
0x0000000006e1c000 	/usr/lib/libCRFSuite.dylib
0x0000000006e1c000 	/usr/lib/libc++.1.dylib
0x0000000006e1c000 	/usr/lib/libc++abi.dylib
0x0000000006e1c000 	/usr/lib/system/libcache.dylib
0x0000000006e1c000 	/usr/lib/system/libcommonCrypto.dylib
0x0000000006e1c000 	/usr/lib/system/libcompiler_rt.dylib
0x0000000006e1c000 	/usr/lib/system/libcopyfile.dylib
0x0000000006e1c000 	/usr/lib/system/libcorecrypto.dylib
0x0000000006e1c000 	/usr/lib/system/libdispatch.dylib
0x0000000006e1c000 	/usr/lib/system/libdyld.dylib
0x0000000006e1c000 	/usr/lib/system/libkeymgr.dylib
0x0000000006e1c000 	/usr/lib/system/liblaunch.dylib
0x0000000006e1c000 	/usr/lib/system/libmacho.dylib
0x0000000006e1c000 	/usr/lib/system/libquarantine.dylib
0x0000000006e1c000 	/usr/lib/system/libremovefile.dylib
0x0000000006e1c000 	/usr/lib/system/libsystem_asl.dylib
0x0000000006e1c000 	/usr/lib/system/libsystem_blocks.dylib
0x0000000006e1c000 	/usr/lib/system/libsystem_c.dylib
0x0000000006e1c000 	/usr/lib/system/libsystem_configuration.dylib
0x0000000006e1c000 	/usr/lib/system/libsystem_coreservices.dylib
0x0000000006e1c000 	/usr/lib/system/libsystem_coretls.dylib
0x0000000006e1c000 	/usr/lib/system/libsystem_dnssd.dylib
0x0000000006e1c000 	/usr/lib/system/libsystem_info.dylib
0x0000000006e1c000 	/usr/lib/system/libsystem_kernel.dylib
0x0000000006e1c000 	/usr/lib/system/libsystem_m.dylib
0x0000000006e1c000 	/usr/lib/system/libsystem_malloc.dylib
0x0000000006e1c000 	/usr/lib/system/libsystem_network.dylib
0x0000000006e1c000 	/usr/lib/system/libsystem_networkextension.dylib
0x0000000006e1c000 	/usr/lib/system/libsystem_notify.dylib
0x0000000006e1c000 	/usr/lib/system/libsystem_platform.dylib
0x0000000006e1c000 	/usr/lib/system/libsystem_pthread.dylib
0x0000000006e1c000 	/usr/lib/system/libsystem_sandbox.dylib
0x0000000006e1c000 	/usr/lib/system/libsystem_secinit.dylib
0x0000000006e1c000 	/usr/lib/system/libsystem_trace.dylib
0x0000000006e1c000 	/usr/lib/system/libunc.dylib
0x0000000006e1c000 	/usr/lib/system/libunwind.dylib
0x0000000006e1c000 	/usr/lib/system/libxpc.dylib
0x0000000006e1c000 	/usr/lib/libenergytrace.dylib
0x0000000006e1c000 	/usr/lib/libbsm.0.dylib
0x0000000006e1c000 	/usr/lib/system/libkxld.dylib
0x0000000006e1c000 	/usr/lib/libxar.1.dylib
0x0000000006e1c000 	/usr/lib/libsqlite3.dylib
0x0000000006e1c000 	/usr/lib/libpam.2.dylib
0x0000000006e1c000 	/usr/lib/libOpenScriptingUtil.dylib
0x0000000006e1c000 	/usr/lib/libbz2.1.0.dylib
0x0000000006e1c000 	/usr/lib/liblzma.5.dylib
0x0000000006e1c000 	/System/Library/Frameworks/CoreServices.framework/Versions/A/Frameworks/FSEvents.framework/Versions/A/FSEvents
0x0000000006e1c000 	/System/Library/Frameworks/CoreServices.framework/Versions/A/Frameworks/CarbonCore.framework/Versions/A/CarbonCore
0x0000000006e1c000 	/System/Library/Frameworks/CoreServices.framework/Versions/A/Frameworks/Metadata.framework/Versions/A/Metadata
0x0000000006e1c000 	/System/Library/Frameworks/CoreServices.framework/Versions/A/Frameworks/OSServices.framework/Versions/A/OSServices
0x0000000006e1c000 	/System/Library/Frameworks/CoreServices.framework/Versions/A/Frameworks/SearchKit.framework/Versions/A/SearchKit
0x0000000006e1c000 	/System/Library/Frameworks/CoreServices.framework/Versions/A/Frameworks/AE.framework/Versions/A/AE
0x0000000006e1c000 	/System/Library/Frameworks/CoreServices.framework/Versions/A/Frameworks/LaunchServices.framework/Versions/A/LaunchServices
0x0000000006e1c000 	/System/Library/Frameworks/CoreServices.framework/Versions/A/Frameworks/DictionaryServices.framework/Versions/A/DictionaryServices
0x0000000006e1c000 	/System/Library/Frameworks/CoreServices.framework/Versions/A/Frameworks/SharedFileList.framework/Versions/A/SharedFileList
0x0000000006e1c000 	/System/Library/Frameworks/NetFS.framework/Versions/A/NetFS
0x0000000006e1c000 	/System/Library/PrivateFrameworks/NetAuth.framework/Versions/A/NetAuth
0x0000000006e1c000 	/System/Library/PrivateFrameworks/login.framework/Versions/A/Frameworks/loginsupport.framework/Versions/A/loginsupport
0x0000000006e1c000 	/System/Library/PrivateFrameworks/TCC.framework/Versions/A/TCC
0x0000000006e1c000 	/usr/lib/libmecabra.dylib
0x0000000006e1c000 	/System/Library/Frameworks/ApplicationServices.framework/Versions/A/Frameworks/ATS.framework/Versions/A/ATS
0x0000000006e1c000 	/System/Library/Frameworks/ApplicationServices.framework/Versions/A/Frameworks/ColorSync.framework/Versions/A/ColorSync
0x0000000006e1c000 	/System/Library/Frameworks/ApplicationServices.framework/Versions/A/Frameworks/HIServices.framework/Versions/A/HIServices
0x0000000006e1c000 	/System/Library/Frameworks/ApplicationServices.framework/Versions/A/Frameworks/LangAnalysis.framework/Versions/A/LangAnalysis
0x0000000006e1c000 	/System/Library/Frameworks/ApplicationServices.framework/Versions/A/Frameworks/PrintCore.framework/Versions/A/PrintCore
0x0000000006e1c000 	/System/Library/Frameworks/ApplicationServices.framework/Versions/A/Frameworks/QD.framework/Versions/A/QD
0x0000000006e1c000 	/System/Library/Frameworks/ApplicationServices.framework/Versions/A/Frameworks/SpeechSynthesis.framework/Versions/A/SpeechSynthesis
0x0000000006e1c000 	/System/Library/Frameworks/Metal.framework/Versions/A/Metal
0x0000000006e1c000 	/System/Library/Frameworks/Accelerate.framework/Versions/A/Frameworks/vImage.framework/Versions/A/vImage
0x0000000006e1c000 	/System/Library/Frameworks/Accelerate.framework/Versions/A/Frameworks/vecLib.framework/Versions/A/vecLib
0x0000000006e1c000 	/System/Library/Frameworks/Accelerate.framework/Versions/A/Frameworks/vecLib.framework/Versions/A/libvDSP.dylib
0x0000000006e1c000 	/System/Library/Frameworks/Accelerate.framework/Versions/A/Frameworks/vecLib.framework/Versions/A/libvMisc.dylib
0x0000000006e1c000 	/System/Library/Frameworks/Accelerate.framework/Versions/A/Frameworks/vecLib.framework/Versions/A/libLAPACK.dylib
0x0000000006e1c000 	/System/Library/Frameworks/Accelerate.framework/Versions/A/Frameworks/vecLib.framework/Versions/A/libBLAS.dylib
0x0000000006e1c000 	/System/Library/Frameworks/Accelerate.framework/Versions/A/Frameworks/vecLib.framework/Versions/A/libLinearAlgebra.dylib
0x0000000006e1c000 	/System/Library/Frameworks/Accelerate.framework/Versions/A/Frameworks/vecLib.framework/Versions/A/libSparseBLAS.dylib
0x0000000006e1c000 	/System/Library/PrivateFrameworks/GPUCompiler.framework/libmetal_timestamp.dylib
0x0000000006e1c000 	/System/Library/Frameworks/OpenGL.framework/Versions/A/Libraries/libCoreFSCache.dylib
0x0000000006e1c000 	/System/Library/PrivateFrameworks/IOAccelerator.framework/Versions/A/IOAccelerator
0x0000000006e1c000 	/System/Library/Frameworks/ApplicationServices.framework/Versions/A/Frameworks/ATS.framework/Versions/A/Resources/libFontParser.dylib
0x0000000006e1c000 	/System/Library/Frameworks/ApplicationServices.framework/Versions/A/Frameworks/ATS.framework/Versions/A/Resources/libFontRegistry.dylib
0x0000000006e1c000 	/System/Library/PrivateFrameworks/AppleVPA.framework/Versions/A/AppleVPA
0x0000000006e1c000 	/System/Library/PrivateFrameworks/AppleJPEG.framework/Versions/A/AppleJPEG
0x0000000006e1c000 	/System/Library/Frameworks/ImageIO.framework/Versions/A/Resources/libJPEG.dylib
0x0000000006e1c000 	/System/Library/Frameworks/ImageIO.framework/Versions/A/Resources/libTIFF.dylib
0x0000000006e1c000 	/System/Library/Frameworks/ImageIO.framework/Versions/A/Resources/libPng.dylib
0x0000000006e1c000 	/System/Library/Frameworks/ImageIO.framework/Versions/A/Resources/libGIF.dylib
0x0000000006e1c000 	/System/Library/Frameworks/ImageIO.framework/Versions/A/Resources/libJP2.dylib
0x0000000006e1c000 	/System/Library/Frameworks/ImageIO.framework/Versions/A/Resources/libRadiance.dylib
0x0000000006e1c000 	/System/Library/Frameworks/CoreVideo.framework/Versions/A/CoreVideo
0x0000000006e1c000 	/System/Library/Frameworks/OpenGL.framework/Versions/A/Libraries/libGLU.dylib
0x0000000006e1c000 	/System/Library/Frameworks/OpenGL.framework/Versions/A/Libraries/libGFXShared.dylib
0x0000000006e1c000 	/System/Library/Frameworks/OpenGL.framework/Versions/A/Libraries/libGL.dylib
0x0000000006e1c000 	/System/Library/Frameworks/OpenGL.framework/Versions/A/Libraries/libGLImage.dylib
0x0000000006e1c000 	/System/Library/Frameworks/OpenGL.framework/Versions/A/Libraries/libCVMSPluginSupport.dylib
0x0000000006e1c000 	/System/Library/Frameworks/OpenGL.framework/Versions/A/Libraries/libCoreVMClient.dylib
0x0000000006e1c000 	/usr/lib/libcups.2.dylib
0x0000000006e1c000 	/System/Library/Frameworks/Kerberos.framework/Versions/A/Kerberos
0x0000000006e1c000 	/System/Library/Frameworks/GSS.framework/Versions/A/GSS
0x0000000006e1c000 	/usr/lib/libresolv.9.dylib
0x0000000006e1c000 	/usr/lib/libiconv.2.dylib
0x0000000006e1c000 	/System/Library/PrivateFrameworks/Heimdal.framework/Versions/A/Heimdal
0x0000000006e1c000 	/usr/lib/libheimdal-asn1.dylib
0x0000000006e1c000 	/System/Library/Frameworks/OpenDirectory.framework/Versions/A/OpenDirectory
0x0000000006e1c000 	/System/Library/PrivateFrameworks/CommonAuth.framework/Versions/A/CommonAuth
0x0000000006e1c000 	/System/Library/Frameworks/OpenDirectory.framework/Versions/A/Frameworks/CFOpenDirectory.framework/Versions/A/CFOpenDirectory
0x0000000006e1c000 	/System/Library/Frameworks/SecurityFoundation.framework/Versions/A/SecurityFoundation
0x0000000006e1c000 	/System/Library/PrivateFrameworks/LanguageModeling.framework/Versions/A/LanguageModeling
0x0000000006e1c000 	/usr/lib/libmarisa.dylib
0x0000000006e1c000 	/usr/lib/libChineseTokenizer.dylib
0x0000000006e1c000 	/usr/lib/libcmph.dylib
0x0000000006e1c000 	/usr/lib/libcompression.dylib
0x0000000006e1c000 	/System/Library/Frameworks/ServiceManagement.framework/Versions/A/ServiceManagement
0x0000000006e1c000 	/usr/lib/libxslt.1.dylib
0x0000000006e1c000 	/System/Library/Frameworks/Carbon.framework/Versions/A/Frameworks/Ink.framework/Versions/A/Ink
0x0000000006e1c000 	/usr/lib/libFosl_dynamic.dylib
0x0000000006e1c000 	/System/Library/PrivateFrameworks/FaceCore.framework/Versions/A/FaceCore
0x0000000006e1c000 	/System/Library/Frameworks/OpenCL.framework/Versions/A/OpenCL
0x0000000006e1c000 	/System/Library/PrivateFrameworks/CrashReporterSupport.framework/Versions/A/CrashReporterSupport
0x0000000006e1c000 	/System/Library/PrivateFrameworks/IconServices.framework/Versions/A/IconServices
0x0000000006e1c000 	/System/Library/PrivateFrameworks/Apple80211.framework/Versions/A/Apple80211
0x0000000006e1c000 	/System/Library/Frameworks/CoreWLAN.framework/Versions/A/CoreWLAN
0x0000000006e1c000 	/System/Library/Frameworks/IOBluetooth.framework/Versions/A/IOBluetooth
0x0000000006e1c000 	/System/Library/PrivateFrameworks/CoreWiFi.framework/Versions/A/CoreWiFi
0x0000000006e1c000 	/System/Library/Frameworks/CoreBluetooth.framework/Versions/A/CoreBluetooth
0x0000000006e1c000 	/System/Library/PrivateFrameworks/ChunkingLibrary.framework/Versions/A/ChunkingLibrary
0x0000000006e1c000 	/System/Library/PrivateFrameworks/DebugSymbols.framework/Versions/A/DebugSymbols
0x0000000006e1c000 	/System/Library/PrivateFrameworks/CoreSymbolication.framework/Versions/A/CoreSymbolication
0x0000000006e1c000 	/System/Library/PrivateFrameworks/Symbolication.framework/Versions/A/Symbolication
0x0000000006e1c000 	/System/Library/PrivateFrameworks/SpeechRecognitionCore.framework/Versions/A/SpeechRecognitionCore
0x00000001015dc000 	/System/Library/CoreServices/Encodings/libSimplifiedChineseConverter.dylib
0x0000000102000000 	/Library/Java/JavaVirtualMachines/jdk1.8.0_91.jdk/Contents/Home/jre/lib/server/libjvm.dylib
0x0000000006e1c000 	/usr/lib/libstdc++.6.dylib
0x0000000101624000 	/Library/Java/JavaVirtualMachines/jdk1.8.0_91.jdk/Contents/Home/jre/lib/libverify.dylib
0x0000000101632000 	/Library/Java/JavaVirtualMachines/jdk1.8.0_91.jdk/Contents/Home/jre/lib/libjava.dylib
0x0000000101668000 	/Library/Java/JavaVirtualMachines/jdk1.8.0_91.jdk/Contents/Home/jre/lib/libjdwp.dylib
0x00000001016b3000 	/Library/Java/JavaVirtualMachines/jdk1.8.0_91.jdk/Contents/Home/jre/lib/libnpt.dylib
0x00000001016c0000 	/Library/Java/JavaVirtualMachines/jdk1.8.0_91.jdk/Contents/Home/jre/lib/libzip.dylib
0x00000001187d5000 	/System/Library/Frameworks/JavaVM.framework/Frameworks/JavaRuntimeSupport.framework/JavaRuntimeSupport
0x00000001017eb000 	/System/Library/Frameworks/JavaVM.framework/Versions/A/Frameworks/JavaNativeFoundation.framework/Versions/A/JavaNativeFoundation
0x00000001187f0000 	/System/Library/Frameworks/JavaVM.framework/Versions/A/JavaVM
0x0000000006e1c000 	/System/Library/Frameworks/Carbon.framework/Versions/A/Carbon
0x00000001187fd000 	/System/Library/PrivateFrameworks/JavaLaunching.framework/Versions/A/JavaLaunching
0x0000000006e1c000 	/System/Library/Frameworks/Carbon.framework/Versions/A/Frameworks/CommonPanels.framework/Versions/A/CommonPanels
0x0000000006e1c000 	/System/Library/Frameworks/Carbon.framework/Versions/A/Frameworks/Help.framework/Versions/A/Help
0x0000000006e1c000 	/System/Library/Frameworks/Carbon.framework/Versions/A/Frameworks/ImageCapture.framework/Versions/A/ImageCapture
0x0000000006e1c000 	/System/Library/Frameworks/Carbon.framework/Versions/A/Frameworks/OpenScripting.framework/Versions/A/OpenScripting
0x0000000006e1c000 	/System/Library/Frameworks/Carbon.framework/Versions/A/Frameworks/Print.framework/Versions/A/Print
0x0000000006e1c000 	/System/Library/Frameworks/Carbon.framework/Versions/A/Frameworks/SecurityHI.framework/Versions/A/SecurityHI
0x000000011a124000 	/Library/Java/JavaVirtualMachines/jdk1.8.0_91.jdk/Contents/Home/jre/lib/libdt_socket.dylib
0x000000011a528000 	/Library/Java/JavaVirtualMachines/jdk1.8.0_91.jdk/Contents/Home/jre/lib/libmanagement.dylib
0x000000011a536000 	/Library/Java/JavaVirtualMachines/jdk1.8.0_91.jdk/Contents/Home/jre/lib/libnet.dylib
0x000000011a54f000 	/Library/Java/JavaVirtualMachines/jdk1.8.0_91.jdk/Contents/Home/jre/lib/libnio.dylib

VM Arguments:
jvm_args: -agentlib:jdwp=transport=dt_socket,address=127.0.0.1:58548,suspend=y,server=n -Dfile.encoding=UTF-8 
java_command: bughunter.bughunterserver.BughunterserverApplication
java_class_path (initial): /Library/Java/JavaVirtualMachines/jdk1.8.0_91.jdk/Contents/Home/jre/lib/charsets.jar:/Library/Java/JavaVirtualMachines/jdk1.8.0_91.jdk/Contents/Home/jre/lib/deploy.jar:/Library/Java/JavaVirtualMachines/jdk1.8.0_91.jdk/Contents/Home/jre/lib/ext/cldrdata.jar:/Library/Java/JavaVirtualMachines/jdk1.8.0_91.jdk/Contents/Home/jre/lib/ext/dnsns.jar:/Library/Java/JavaVirtualMachines/jdk1.8.0_91.jdk/Contents/Home/jre/lib/ext/jaccess.jar:/Library/Java/JavaVirtualMachines/jdk1.8.0_91.jdk/Contents/Home/jre/lib/ext/jfxrt.jar:/Library/Java/JavaVirtualMachines/jdk1.8.0_91.jdk/Contents/Home/jre/lib/ext/localedata.jar:/Library/Java/JavaVirtualMachines/jdk1.8.0_91.jdk/Contents/Home/jre/lib/ext/nashorn.jar:/Library/Java/JavaVirtualMachines/jdk1.8.0_91.jdk/Contents/Home/jre/lib/ext/sunec.jar:/Library/Java/JavaVirtualMachines/jdk1.8.0_91.jdk/Contents/Home/jre/lib/ext/sunjce_provider.jar:/Library/Java/JavaVirtualMachines/jdk1.8.0_91.jdk/Contents/Home/jre/lib/ext/sunpkcs11.jar:/Library/Java/JavaVirtualMachines/jdk1.8.0_91.jdk/Contents/Home/jre/lib/ext/zipfs.jar:/Library/Java/JavaVirtualMachines/jdk1.8.0_91.jdk/Contents/Home/jre/lib/javaws.jar:/Library/Java/JavaVirtualMachines/jdk1.8.0_91.jdk/Contents/Home/jre/lib/jce.jar:/Library/Java/JavaVirtualMachines/jdk1.8.0_91.jdk/Contents/Home/jre/lib/jfr.jar:/Library/Java/JavaVirtualMachines/jdk1.8.0_91.jdk/Contents/Home/jre/lib/jfxswt.jar:/Library/Java/JavaVirtualMachines/jdk1.8.0_91.jdk/Contents/Home/jre/lib/jsse.jar:/Library/Java/JavaVirtualMachines/jdk1.8.0_91.jdk/Contents/Home/jre/lib/management-agent.jar:/Library/Java/JavaVirtualMachines/jdk1.8.0_91.jdk/Contents/Home/jre/lib/plugin.jar:/Library/Java/JavaVirtualMachines/jdk1.8.0_91.jdk/Contents/Home/jre/lib/resources.jar:/Library/Java/JavaVirtualMachines/jdk1.8.0_91.jdk/Contents/Home/jre/lib/rt.jar:/Library/Java/JavaVirtualMachines/jdk1.8.0_91.jdk/Contents/Home/lib/ant-javafx.jar:/Library/Java/JavaVirtualMachines/jdk1.8.0_91.jdk/Contents/Home/lib/dt.jar:/Library/Ja
Launcher Type: SUN_STANDARD

Environment Variables:
JAVA_HOME=/Library/Java/JavaVirtualMachines/jdk1.8.0_191.jdk/Contents/Home
PATH=/Users/sean/bin/:/Library/Frameworks/Python.framework/Versions/3.5/bin:/usr/local/bin:/usr/bin:/bin:/usr/sbin:/sbin:/usr/local/git/bin:/Library/TeX/texbin::/Library/Java/JavaVirtualMachines/jdk1.8.0_191.jdk/Contents/Home/bin:/Users/sean/Documents/play-1.2.7.2:/Users/sean/Documents/play-1.2.7.2:/Users/sean/apache-maven-3.5.0/bin:/usr/local/Cellar/rabbitmq/3.7.8:/Users/sean/Library/android/sdk/platform-tools:/Users/sean/Library/android/sdk/tools
SHELL=/bin/zsh

Signal Handlers:
SIGSEGV: [libjvm.dylib+0x5a97a1], sa_mask[0]=11111111011111110111111111111111, sa_flags=SA_ONSTACK|SA_RESTART|SA_SIGINFO
SIGBUS: [libjvm.dylib+0x5a97a1], sa_mask[0]=11111111011111110111111111111111, sa_flags=SA_RESTART|SA_SIGINFO
SIGFPE: [libjvm.dylib+0x482594], sa_mask[0]=11111111011111110111111111111111, sa_flags=SA_RESTART|SA_SIGINFO
SIGPIPE: [libjvm.dylib+0x482594], sa_mask[0]=11111111011111110111111111111111, sa_flags=SA_RESTART|SA_SIGINFO
SIGXFSZ: [libjvm.dylib+0x482594], sa_mask[0]=11111111011111110111111111111111, sa_flags=SA_RESTART|SA_SIGINFO
SIGILL: [libjvm.dylib+0x482594], sa_mask[0]=11111111011111110111111111111111, sa_flags=SA_RESTART|SA_SIGINFO
SIGUSR1: SIG_DFL, sa_mask[0]=00000000000000000000000000000000, sa_flags=none
SIGUSR2: [libjvm.dylib+0x4820b2], sa_mask[0]=00100000000000000000000000000000, sa_flags=SA_RESTART|SA_SIGINFO
SIGHUP: [libjvm.dylib+0x480689], sa_mask[0]=11111111011111110111111111111111, sa_flags=SA_RESTART|SA_SIGINFO
SIGINT: [libjvm.dylib+0x480689], sa_mask[0]=11111111011111110111111111111111, sa_flags=SA_RESTART|SA_SIGINFO
SIGTERM: [libjvm.dylib+0x480689], sa_mask[0]=11111111011111110111111111111111, sa_flags=SA_RESTART|SA_SIGINFO
SIGQUIT: [libjvm.dylib+0x480689], sa_mask[0]=11111111011111110111111111111111, sa_flags=SA_RESTART|SA_SIGINFO


---------------  S Y S T E M  ---------------

OS:Bsduname:Darwin 15.4.0 Darwin Kernel Version 15.4.0: Fri Feb 26 22:08:05 PST 2016; root:xnu-3248.40.184~3/RELEASE_X86_64 x86_64
rlimit: STACK 8192k, CORE 0k, NPROC 709, NOFILE 10240, AS infinity
load average:7.51 6.39 6.94

CPU:total 4 (2 cores per cpu, 2 threads per core) family 6 model 61 stepping 4, cmov, cx8, fxsr, mmx, sse, sse2, sse3, ssse3, sse4.1, sse4.2, popcnt, avx, avx2, aes, clmul, erms, 3dnowpref, lzcnt, ht, tsc, tscinvbit, bmi1, bmi2, adx

Memory: 4k page, physical 8388608k(33080k free)

/proc/meminfo:


vm_info: Java HotSpot(TM) 64-Bit Server VM (25.91-b14) for bsd-amd64 JRE (1.8.0_91-b14), built on Apr  1 2016 01:03:00 by "java_re" with gcc 4.2.1 (Based on Apple Inc. build 5658) (LLVM build 2336.11.00)

time: Sun May  5 19:49:05 2019
elapsed time: 1195 seconds (0d 0h 19m 55s)

